2025-07-17 21:09:01 -【參數錯誤，請確認傳入的值是否有效。】
   at System.Windows.Forms.Binding.BindToObject.CheckBinding()
   at System.Windows.Forms.Binding.set_BindingManagerBase(BindingManagerBase value)
   at System.Windows.Forms.ListManagerBindingsCollection.AddCore(Binding dataBinding)
   at System.Windows.Forms.BindingsCollection.Add(Binding binding)
   at System.Windows.Forms.BindingContext.UpdateBinding(BindingContext newBindingContext, Binding binding)
   at System.Windows.Forms.Control.UpdateBindings()
   at System.Windows.Forms.Control.OnBindingContextChanged(EventArgs e)
   at System.Windows.Forms.ListControl.OnBindingContextChanged(EventArgs e)
   at System.Windows.Forms.Control.OnBindingContextChanged(EventArgs e)
   at System.Windows.Forms.Control.OnBindingContextChanged(EventArgs e)
   at System.Windows.Forms.Control.OnBindingContextChanged(EventArgs e)
   at System.Windows.Forms.Control.OnBindingContextChanged(EventArgs e)
   at System.Windows.Forms.Control.OnBindingContextChanged(EventArgs e)
   at System.Windows.Forms.Control.OnBindingContextChanged(EventArgs e)
   at System.Windows.Forms.Control.OnBindingContextChanged(EventArgs e)
   at System.Windows.Forms.Control.OnBindingContextChanged(EventArgs e)
   at System.Windows.Forms.Control.OnBindingContextChanged(EventArgs e)
   at System.Windows.Forms.Control.OnBindingContextChanged(EventArgs e)
   at System.Windows.Forms.Control.set_BindingContextInternal(BindingContext value)
   at System.Windows.Forms.ContainerControl.get_BindingContext()
   at System.Windows.Forms.Control.get_BindingContextInternal()
   at System.Windows.Forms.Control.get_BindingContextInternal()
   at System.Windows.Forms.Control.get_BindingContextInternal()
   at System.Windows.Forms.Control.get_BindingContextInternal()
   at System.Windows.Forms.ContainerControl.get_BindingContext()
   at System.Windows.Forms.Control.get_BindingContextInternal()
   at System.Windows.Forms.Control.get_BindingContextInternal()
   at System.Windows.Forms.Control.get_BindingContextInternal()
   at System.Windows.Forms.ContainerControl.get_BindingContext()
   at System.Windows.Forms.Control.get_BindingContextInternal()
   at System.Windows.Forms.Control.get_BindingContextInternal()
   at System.Windows.Forms.Control.get_BindingContextInternal()
   at System.Windows.Forms.DataGridView.DataGridViewDataConnection.SetDataConnection(Object dataSource, String dataMember)
   at System.Windows.Forms.DataGridView.OnBindingContextChanged(EventArgs e)
   at System.Windows.Forms.Control.OnBindingContextChanged(EventArgs e)
   at System.Windows.Forms.Control.OnBindingContextChanged(EventArgs e)
   at System.Windows.Forms.Control.CreateControl(Boolean ignoreVisible)
   at System.Windows.Forms.Control.CreateControl(Boolean ignoreVisible)
   at System.Windows.Forms.Control.CreateControl()
   at System.Windows.Forms.Control.ControlCollection.Add(Control value)
   at ISpan.eMiniHR.WinApp.Forms.Base.HRForm.ShowSubPage() in D:\20250429_資展國際\ISpan.eMiniHR\ISpan.eMiniHR.WinAPP\Forms\Base\HRForm.cs:line 65
   at ISpan.eMiniHR.WinApp.Forms.Base.HRForm.HRForm_Load(Object sender, EventArgs e) in D:\20250429_資展國際\ISpan.eMiniHR\ISpan.eMiniHR.WinAPP\Forms\Base\HRForm.cs:line 29
   at System.Windows.Forms.Control.CreateControl(Boolean ignoreVisible)
   at System.Windows.Forms.Control.CreateControl(Boolean ignoreVisible)
   at System.Windows.Forms.Control.CreateControl(Boolean ignoreVisible)
   at System.Windows.Forms.Control.CreateControl()
   at System.Windows.Forms.Control.ControlCollection.Add(Control value)
   at System.Windows.Forms.TabControl.ControlCollection.Add(Control value)
   at ISpan.eMiniHR.WinApp.Services.TabStyleHelper.ShowTabPageByCode(String progId, UserControl page, TabControl tabControlMain) in D:\20250429_資展國際\ISpan.eMiniHR\ISpan.eMiniHR.WinAPP\Services\TabStyleHelper.cs:line 187
   at ISpan.eMiniHR.WinApp.Services.TabStyleHelper.ShowPageByCode(String progSysId, TabControl tabControlMain) in D:\20250429_資展國際\ISpan.eMiniHR\ISpan.eMiniHR.WinAPP\Services\TabStyleHelper.cs:line 104

2025-07-17 21:09:26 -【參數錯誤，請確認傳入的值是否有效。】
   at System.Windows.Forms.Binding.BindToObject.CheckBinding()
   at System.Windows.Forms.Binding.set_BindingManagerBase(BindingManagerBase value)
   at System.Windows.Forms.ListManagerBindingsCollection.AddCore(Binding dataBinding)
   at System.Windows.Forms.BindingsCollection.Add(Binding binding)
   at System.Windows.Forms.BindingContext.UpdateBinding(BindingContext newBindingContext, Binding binding)
   at System.Windows.Forms.Control.UpdateBindings()
   at System.Windows.Forms.Control.OnBindingContextChanged(EventArgs e)
   at System.Windows.Forms.ListControl.OnBindingContextChanged(EventArgs e)
   at System.Windows.Forms.Control.OnBindingContextChanged(EventArgs e)
   at System.Windows.Forms.Control.OnBindingContextChanged(EventArgs e)
   at System.Windows.Forms.Control.OnBindingContextChanged(EventArgs e)
   at System.Windows.Forms.Control.OnBindingContextChanged(EventArgs e)
   at System.Windows.Forms.Control.OnBindingContextChanged(EventArgs e)
   at System.Windows.Forms.Control.OnBindingContextChanged(EventArgs e)
   at System.Windows.Forms.Control.OnBindingContextChanged(EventArgs e)
   at System.Windows.Forms.Control.OnBindingContextChanged(EventArgs e)
   at System.Windows.Forms.Control.OnBindingContextChanged(EventArgs e)
   at System.Windows.Forms.Control.OnBindingContextChanged(EventArgs e)
   at System.Windows.Forms.Control.set_BindingContextInternal(BindingContext value)
   at System.Windows.Forms.ContainerControl.get_BindingContext()
   at System.Windows.Forms.Control.get_BindingContextInternal()
   at System.Windows.Forms.Control.get_BindingContextInternal()
   at System.Windows.Forms.Control.get_BindingContextInternal()
   at System.Windows.Forms.Control.get_BindingContextInternal()
   at System.Windows.Forms.ContainerControl.get_BindingContext()
   at System.Windows.Forms.Control.get_BindingContextInternal()
   at System.Windows.Forms.Control.get_BindingContextInternal()
   at System.Windows.Forms.Control.get_BindingContextInternal()
   at System.Windows.Forms.ContainerControl.get_BindingContext()
   at System.Windows.Forms.Control.get_BindingContextInternal()
   at System.Windows.Forms.Control.get_BindingContextInternal()
   at System.Windows.Forms.Control.get_BindingContextInternal()
   at System.Windows.Forms.DataGridView.DataGridViewDataConnection.SetDataConnection(Object dataSource, String dataMember)
   at System.Windows.Forms.DataGridView.OnBindingContextChanged(EventArgs e)
   at System.Windows.Forms.Control.OnBindingContextChanged(EventArgs e)
   at System.Windows.Forms.Control.OnBindingContextChanged(EventArgs e)
   at System.Windows.Forms.Control.CreateControl(Boolean ignoreVisible)
   at System.Windows.Forms.Control.CreateControl(Boolean ignoreVisible)
   at System.Windows.Forms.Control.CreateControl()
   at System.Windows.Forms.Control.ControlCollection.Add(Control value)
   at ISpan.eMiniHR.WinApp.Forms.Base.HRForm.ShowSubPage() in D:\20250429_資展國際\ISpan.eMiniHR\ISpan.eMiniHR.WinAPP\Forms\Base\HRForm.cs:line 65
   at ISpan.eMiniHR.WinApp.Forms.Base.HRForm.HRForm_Load(Object sender, EventArgs e) in D:\20250429_資展國際\ISpan.eMiniHR\ISpan.eMiniHR.WinAPP\Forms\Base\HRForm.cs:line 29
   at System.Windows.Forms.Control.CreateControl(Boolean ignoreVisible)
   at System.Windows.Forms.Control.CreateControl(Boolean ignoreVisible)
   at System.Windows.Forms.Control.CreateControl(Boolean ignoreVisible)
   at System.Windows.Forms.Control.CreateControl()
   at System.Windows.Forms.Control.ControlCollection.Add(Control value)
   at System.Windows.Forms.TabControl.ControlCollection.Add(Control value)
   at ISpan.eMiniHR.WinApp.Services.TabStyleHelper.ShowTabPageByCode(String progId, UserControl page, TabControl tabControlMain) in D:\20250429_資展國際\ISpan.eMiniHR\ISpan.eMiniHR.WinAPP\Services\TabStyleHelper.cs:line 187
   at ISpan.eMiniHR.WinApp.Services.TabStyleHelper.ShowPageByCode(String progSysId, TabControl tabControlMain) in D:\20250429_資展國際\ISpan.eMiniHR\ISpan.eMiniHR.WinAPP\Services\TabStyleHelper.cs:line 104

2025-07-17 21:10:05 -【參數錯誤，請確認傳入的值是否有效。】
   at System.Windows.Forms.Binding.BindToObject.CheckBinding()
   at System.Windows.Forms.Binding.set_BindingManagerBase(BindingManagerBase value)
   at System.Windows.Forms.ListManagerBindingsCollection.AddCore(Binding dataBinding)
   at System.Windows.Forms.BindingsCollection.Add(Binding binding)
   at System.Windows.Forms.BindingContext.UpdateBinding(BindingContext newBindingContext, Binding binding)
   at System.Windows.Forms.Control.UpdateBindings()
   at System.Windows.Forms.Control.OnBindingContextChanged(EventArgs e)
   at System.Windows.Forms.ListControl.OnBindingContextChanged(EventArgs e)
   at System.Windows.Forms.Control.OnBindingContextChanged(EventArgs e)
   at System.Windows.Forms.Control.OnBindingContextChanged(EventArgs e)
   at System.Windows.Forms.Control.OnBindingContextChanged(EventArgs e)
   at System.Windows.Forms.Control.OnBindingContextChanged(EventArgs e)
   at System.Windows.Forms.Control.OnBindingContextChanged(EventArgs e)
   at System.Windows.Forms.Control.OnBindingContextChanged(EventArgs e)
   at System.Windows.Forms.Control.OnBindingContextChanged(EventArgs e)
   at System.Windows.Forms.Control.OnBindingContextChanged(EventArgs e)
   at System.Windows.Forms.Control.OnBindingContextChanged(EventArgs e)
   at System.Windows.Forms.Control.OnBindingContextChanged(EventArgs e)
   at System.Windows.Forms.Control.set_BindingContextInternal(BindingContext value)
   at System.Windows.Forms.ContainerControl.get_BindingContext()
   at System.Windows.Forms.Control.get_BindingContextInternal()
   at System.Windows.Forms.Control.get_BindingContextInternal()
   at System.Windows.Forms.Control.get_BindingContextInternal()
   at System.Windows.Forms.Control.get_BindingContextInternal()
   at System.Windows.Forms.ContainerControl.get_BindingContext()
   at System.Windows.Forms.Control.get_BindingContextInternal()
   at System.Windows.Forms.Control.get_BindingContextInternal()
   at System.Windows.Forms.Control.get_BindingContextInternal()
   at System.Windows.Forms.ContainerControl.get_BindingContext()
   at System.Windows.Forms.Control.get_BindingContextInternal()
   at System.Windows.Forms.Control.get_BindingContextInternal()
   at System.Windows.Forms.Control.get_BindingContextInternal()
   at System.Windows.Forms.DataGridView.DataGridViewDataConnection.SetDataConnection(Object dataSource, String dataMember)
   at System.Windows.Forms.DataGridView.OnBindingContextChanged(EventArgs e)
   at System.Windows.Forms.Control.OnBindingContextChanged(EventArgs e)
   at System.Windows.Forms.Control.OnBindingContextChanged(EventArgs e)
   at System.Windows.Forms.Control.CreateControl(Boolean ignoreVisible)
   at System.Windows.Forms.Control.CreateControl(Boolean ignoreVisible)
   at System.Windows.Forms.Control.CreateControl()
   at System.Windows.Forms.Control.ControlCollection.Add(Control value)
   at ISpan.eMiniHR.WinApp.Forms.Base.HRForm.ShowSubPage() in D:\20250429_資展國際\ISpan.eMiniHR\ISpan.eMiniHR.WinAPP\Forms\Base\HRForm.cs:line 65
   at ISpan.eMiniHR.WinApp.Forms.Base.HRForm.HRForm_Load(Object sender, EventArgs e) in D:\20250429_資展國際\ISpan.eMiniHR\ISpan.eMiniHR.WinAPP\Forms\Base\HRForm.cs:line 29
   at System.Windows.Forms.Control.CreateControl(Boolean ignoreVisible)
   at System.Windows.Forms.Control.CreateControl(Boolean ignoreVisible)
   at System.Windows.Forms.Control.CreateControl(Boolean ignoreVisible)
   at System.Windows.Forms.Control.CreateControl()
   at System.Windows.Forms.Control.ControlCollection.Add(Control value)
   at System.Windows.Forms.TabControl.ControlCollection.Add(Control value)
   at ISpan.eMiniHR.WinApp.Services.TabStyleHelper.ShowTabPageByCode(String progId, UserControl page, TabControl tabControlMain) in D:\20250429_資展國際\ISpan.eMiniHR\ISpan.eMiniHR.WinAPP\Services\TabStyleHelper.cs:line 187
   at ISpan.eMiniHR.WinApp.Services.TabStyleHelper.ShowPageByCode(String progSysId, TabControl tabControlMain) in D:\20250429_資展國際\ISpan.eMiniHR\ISpan.eMiniHR.WinAPP\Services\TabStyleHelper.cs:line 104

2025-07-17 21:11:52 -【參數錯誤，請確認傳入的值是否有效。】
   at System.Windows.Forms.Binding.BindToObject.CheckBinding()
   at System.Windows.Forms.Binding.set_BindingManagerBase(BindingManagerBase value)
   at System.Windows.Forms.ListManagerBindingsCollection.AddCore(Binding dataBinding)
   at System.Windows.Forms.BindingsCollection.Add(Binding binding)
   at System.Windows.Forms.BindingContext.UpdateBinding(BindingContext newBindingContext, Binding binding)
   at System.Windows.Forms.Control.UpdateBindings()
   at System.Windows.Forms.Control.OnBindingContextChanged(EventArgs e)
   at System.Windows.Forms.ListControl.OnBindingContextChanged(EventArgs e)
   at System.Windows.Forms.Control.OnBindingContextChanged(EventArgs e)
   at System.Windows.Forms.Control.OnBindingContextChanged(EventArgs e)
   at System.Windows.Forms.Control.OnBindingContextChanged(EventArgs e)
   at System.Windows.Forms.Control.OnBindingContextChanged(EventArgs e)
   at System.Windows.Forms.Control.OnBindingContextChanged(EventArgs e)
   at System.Windows.Forms.Control.OnBindingContextChanged(EventArgs e)
   at System.Windows.Forms.Control.OnBindingContextChanged(EventArgs e)
   at System.Windows.Forms.Control.OnBindingContextChanged(EventArgs e)
   at System.Windows.Forms.Control.OnBindingContextChanged(EventArgs e)
   at System.Windows.Forms.Control.OnBindingContextChanged(EventArgs e)
   at System.Windows.Forms.Control.set_BindingContextInternal(BindingContext value)
   at System.Windows.Forms.ContainerControl.get_BindingContext()
   at System.Windows.Forms.Control.get_BindingContextInternal()
   at System.Windows.Forms.Control.get_BindingContextInternal()
   at System.Windows.Forms.Control.get_BindingContextInternal()
   at System.Windows.Forms.Control.get_BindingContextInternal()
   at System.Windows.Forms.ContainerControl.get_BindingContext()
   at System.Windows.Forms.Control.get_BindingContextInternal()
   at System.Windows.Forms.Control.get_BindingContextInternal()
   at System.Windows.Forms.Control.get_BindingContextInternal()
   at System.Windows.Forms.ContainerControl.get_BindingContext()
   at System.Windows.Forms.Control.get_BindingContextInternal()
   at System.Windows.Forms.Control.get_BindingContextInternal()
   at System.Windows.Forms.Control.get_BindingContextInternal()
   at System.Windows.Forms.DataGridView.DataGridViewDataConnection.SetDataConnection(Object dataSource, String dataMember)
   at System.Windows.Forms.DataGridView.OnBindingContextChanged(EventArgs e)
   at System.Windows.Forms.Control.OnBindingContextChanged(EventArgs e)
   at System.Windows.Forms.Control.OnBindingContextChanged(EventArgs e)
   at System.Windows.Forms.Control.CreateControl(Boolean ignoreVisible)
   at System.Windows.Forms.Control.CreateControl(Boolean ignoreVisible)
   at System.Windows.Forms.Control.CreateControl()
   at System.Windows.Forms.Control.ControlCollection.Add(Control value)
   at ISpan.eMiniHR.WinApp.Forms.Base.HRForm.ShowSubPage() in D:\20250429_資展國際\ISpan.eMiniHR\ISpan.eMiniHR.WinAPP\Forms\Base\HRForm.cs:line 65
   at ISpan.eMiniHR.WinApp.Forms.Base.HRForm.HRForm_Load(Object sender, EventArgs e) in D:\20250429_資展國際\ISpan.eMiniHR\ISpan.eMiniHR.WinAPP\Forms\Base\HRForm.cs:line 29
   at System.Windows.Forms.Control.CreateControl(Boolean ignoreVisible)
   at System.Windows.Forms.Control.CreateControl(Boolean ignoreVisible)
   at System.Windows.Forms.Control.CreateControl(Boolean ignoreVisible)
   at System.Windows.Forms.Control.CreateControl()
   at System.Windows.Forms.Control.ControlCollection.Add(Control value)
   at System.Windows.Forms.TabControl.ControlCollection.Add(Control value)
   at ISpan.eMiniHR.WinApp.Services.TabStyleHelper.ShowTabPageByCode(String progId, UserControl page, TabControl tabControlMain) in D:\20250429_資展國際\ISpan.eMiniHR\ISpan.eMiniHR.WinAPP\Services\TabStyleHelper.cs:line 187
   at ISpan.eMiniHR.WinApp.Services.TabStyleHelper.ShowPageByCode(String progSysId, TabControl tabControlMain) in D:\20250429_資展國際\ISpan.eMiniHR\ISpan.eMiniHR.WinAPP\Services\TabStyleHelper.cs:line 104

2025-07-17 21:13:40 -【參數錯誤，請確認傳入的值是否有效。】
   at System.Windows.Forms.Binding.BindToObject.CheckBinding()
   at System.Windows.Forms.Binding.set_BindingManagerBase(BindingManagerBase value)
   at System.Windows.Forms.ListManagerBindingsCollection.AddCore(Binding dataBinding)
   at System.Windows.Forms.BindingsCollection.Add(Binding binding)
   at System.Windows.Forms.BindingContext.UpdateBinding(BindingContext newBindingContext, Binding binding)
   at System.Windows.Forms.Control.UpdateBindings()
   at System.Windows.Forms.Control.OnBindingContextChanged(EventArgs e)
   at System.Windows.Forms.ListControl.OnBindingContextChanged(EventArgs e)
   at System.Windows.Forms.Control.OnBindingContextChanged(EventArgs e)
   at System.Windows.Forms.Control.OnBindingContextChanged(EventArgs e)
   at System.Windows.Forms.Control.OnBindingContextChanged(EventArgs e)
   at System.Windows.Forms.Control.OnBindingContextChanged(EventArgs e)
   at System.Windows.Forms.Control.OnBindingContextChanged(EventArgs e)
   at System.Windows.Forms.Control.OnBindingContextChanged(EventArgs e)
   at System.Windows.Forms.Control.OnBindingContextChanged(EventArgs e)
   at System.Windows.Forms.Control.OnBindingContextChanged(EventArgs e)
   at System.Windows.Forms.Control.OnBindingContextChanged(EventArgs e)
   at System.Windows.Forms.Control.OnBindingContextChanged(EventArgs e)
   at System.Windows.Forms.Control.set_BindingContextInternal(BindingContext value)
   at System.Windows.Forms.ContainerControl.get_BindingContext()
   at System.Windows.Forms.Control.get_BindingContextInternal()
   at System.Windows.Forms.Control.get_BindingContextInternal()
   at System.Windows.Forms.Control.get_BindingContextInternal()
   at System.Windows.Forms.Control.get_BindingContextInternal()
   at System.Windows.Forms.ContainerControl.get_BindingContext()
   at System.Windows.Forms.Control.get_BindingContextInternal()
   at System.Windows.Forms.Control.get_BindingContextInternal()
   at System.Windows.Forms.Control.get_BindingContextInternal()
   at System.Windows.Forms.ContainerControl.get_BindingContext()
   at System.Windows.Forms.Control.get_BindingContextInternal()
   at System.Windows.Forms.Control.get_BindingContextInternal()
   at System.Windows.Forms.Control.get_BindingContextInternal()
   at System.Windows.Forms.DataGridView.DataGridViewDataConnection.SetDataConnection(Object dataSource, String dataMember)
   at System.Windows.Forms.DataGridView.OnBindingContextChanged(EventArgs e)
   at System.Windows.Forms.Control.OnBindingContextChanged(EventArgs e)
   at System.Windows.Forms.Control.OnBindingContextChanged(EventArgs e)
   at System.Windows.Forms.Control.CreateControl(Boolean ignoreVisible)
   at System.Windows.Forms.Control.CreateControl(Boolean ignoreVisible)
   at System.Windows.Forms.Control.CreateControl()
   at System.Windows.Forms.Control.ControlCollection.Add(Control value)
   at ISpan.eMiniHR.WinApp.Forms.Base.HRForm.ShowSubPage() in D:\20250429_資展國際\ISpan.eMiniHR\ISpan.eMiniHR.WinAPP\Forms\Base\HRForm.cs:line 65
   at ISpan.eMiniHR.WinApp.Forms.Base.HRForm.HRForm_Load(Object sender, EventArgs e) in D:\20250429_資展國際\ISpan.eMiniHR\ISpan.eMiniHR.WinAPP\Forms\Base\HRForm.cs:line 29
   at System.Windows.Forms.Control.CreateControl(Boolean ignoreVisible)
   at System.Windows.Forms.Control.CreateControl(Boolean ignoreVisible)
   at System.Windows.Forms.Control.CreateControl(Boolean ignoreVisible)
   at System.Windows.Forms.Control.CreateControl()
   at System.Windows.Forms.Control.ControlCollection.Add(Control value)
   at System.Windows.Forms.TabControl.ControlCollection.Add(Control value)
   at ISpan.eMiniHR.WinApp.Services.TabStyleHelper.ShowTabPageByCode(String progId, UserControl page, TabControl tabControlMain) in D:\20250429_資展國際\ISpan.eMiniHR\ISpan.eMiniHR.WinAPP\Services\TabStyleHelper.cs:line 187
   at ISpan.eMiniHR.WinApp.Services.TabStyleHelper.ShowPageByCode(String progSysId, TabControl tabControlMain) in D:\20250429_資展國際\ISpan.eMiniHR\ISpan.eMiniHR.WinAPP\Services\TabStyleHelper.cs:line 104

2025-07-17 21:17:36 -【參數錯誤，請確認傳入的值是否有效。】
   at System.Windows.Forms.Binding.BindToObject.CheckBinding()
   at System.Windows.Forms.Binding.set_BindingManagerBase(BindingManagerBase value)
   at System.Windows.Forms.ListManagerBindingsCollection.AddCore(Binding dataBinding)
   at System.Windows.Forms.BindingsCollection.Add(Binding binding)
   at System.Windows.Forms.BindingContext.UpdateBinding(BindingContext newBindingContext, Binding binding)
   at System.Windows.Forms.Control.UpdateBindings()
   at System.Windows.Forms.Control.OnBindingContextChanged(EventArgs e)
   at System.Windows.Forms.ListControl.OnBindingContextChanged(EventArgs e)
   at System.Windows.Forms.Control.OnBindingContextChanged(EventArgs e)
   at System.Windows.Forms.Control.OnBindingContextChanged(EventArgs e)
   at System.Windows.Forms.Control.OnBindingContextChanged(EventArgs e)
   at System.Windows.Forms.Control.OnBindingContextChanged(EventArgs e)
   at System.Windows.Forms.Control.OnBindingContextChanged(EventArgs e)
   at System.Windows.Forms.Control.OnBindingContextChanged(EventArgs e)
   at System.Windows.Forms.Control.OnBindingContextChanged(EventArgs e)
   at System.Windows.Forms.Control.OnBindingContextChanged(EventArgs e)
   at System.Windows.Forms.Control.OnBindingContextChanged(EventArgs e)
   at System.Windows.Forms.Control.OnBindingContextChanged(EventArgs e)
   at System.Windows.Forms.Control.set_BindingContextInternal(BindingContext value)
   at System.Windows.Forms.ContainerControl.get_BindingContext()
   at System.Windows.Forms.Control.get_BindingContextInternal()
   at System.Windows.Forms.Control.get_BindingContextInternal()
   at System.Windows.Forms.Control.get_BindingContextInternal()
   at System.Windows.Forms.Control.get_BindingContextInternal()
   at System.Windows.Forms.ContainerControl.get_BindingContext()
   at System.Windows.Forms.Control.get_BindingContextInternal()
   at System.Windows.Forms.Control.get_BindingContextInternal()
   at System.Windows.Forms.Control.get_BindingContextInternal()
   at System.Windows.Forms.ContainerControl.get_BindingContext()
   at System.Windows.Forms.Control.get_BindingContextInternal()
   at System.Windows.Forms.Control.get_BindingContextInternal()
   at System.Windows.Forms.Control.get_BindingContextInternal()
   at System.Windows.Forms.DataGridView.DataGridViewDataConnection.SetDataConnection(Object dataSource, String dataMember)
   at System.Windows.Forms.DataGridView.OnBindingContextChanged(EventArgs e)
   at System.Windows.Forms.Control.OnBindingContextChanged(EventArgs e)
   at System.Windows.Forms.Control.OnBindingContextChanged(EventArgs e)
   at System.Windows.Forms.Control.CreateControl(Boolean ignoreVisible)
   at System.Windows.Forms.Control.CreateControl(Boolean ignoreVisible)
   at System.Windows.Forms.Control.CreateControl()
   at System.Windows.Forms.Control.ControlCollection.Add(Control value)
   at ISpan.eMiniHR.WinApp.Forms.Base.HRForm.ShowSubPage() in D:\20250429_資展國際\ISpan.eMiniHR\ISpan.eMiniHR.WinAPP\Forms\Base\HRForm.cs:line 65
   at ISpan.eMiniHR.WinApp.Forms.Base.HRForm.HRForm_Load(Object sender, EventArgs e) in D:\20250429_資展國際\ISpan.eMiniHR\ISpan.eMiniHR.WinAPP\Forms\Base\HRForm.cs:line 29
   at System.Windows.Forms.Control.CreateControl(Boolean ignoreVisible)
   at System.Windows.Forms.Control.CreateControl(Boolean ignoreVisible)
   at System.Windows.Forms.Control.CreateControl(Boolean ignoreVisible)
   at System.Windows.Forms.Control.CreateControl()
   at System.Windows.Forms.Control.ControlCollection.Add(Control value)
   at System.Windows.Forms.TabControl.ControlCollection.Add(Control value)
   at ISpan.eMiniHR.WinApp.Services.TabStyleHelper.ShowTabPageByCode(String progId, UserControl page, TabControl tabControlMain) in D:\20250429_資展國際\ISpan.eMiniHR\ISpan.eMiniHR.WinAPP\Services\TabStyleHelper.cs:line 187
   at ISpan.eMiniHR.WinApp.Services.TabStyleHelper.ShowPageByCode(String progSysId, TabControl tabControlMain) in D:\20250429_資展國際\ISpan.eMiniHR\ISpan.eMiniHR.WinAPP\Services\TabStyleHelper.cs:line 104

2025-07-17 21:18:21 -【參數錯誤，請確認傳入的值是否有效。】
   at System.Windows.Forms.Binding.BindToObject.CheckBinding()
   at System.Windows.Forms.Binding.set_BindingManagerBase(BindingManagerBase value)
   at System.Windows.Forms.ListManagerBindingsCollection.AddCore(Binding dataBinding)
   at System.Windows.Forms.BindingsCollection.Add(Binding binding)
   at System.Windows.Forms.BindingContext.UpdateBinding(BindingContext newBindingContext, Binding binding)
   at System.Windows.Forms.Control.UpdateBindings()
   at System.Windows.Forms.Control.OnBindingContextChanged(EventArgs e)
   at System.Windows.Forms.ListControl.OnBindingContextChanged(EventArgs e)
   at System.Windows.Forms.Control.OnBindingContextChanged(EventArgs e)
   at System.Windows.Forms.Control.OnBindingContextChanged(EventArgs e)
   at System.Windows.Forms.Control.OnBindingContextChanged(EventArgs e)
   at System.Windows.Forms.Control.OnBindingContextChanged(EventArgs e)
   at System.Windows.Forms.Control.OnBindingContextChanged(EventArgs e)
   at System.Windows.Forms.Control.OnBindingContextChanged(EventArgs e)
   at System.Windows.Forms.Control.OnBindingContextChanged(EventArgs e)
   at System.Windows.Forms.Control.OnBindingContextChanged(EventArgs e)
   at System.Windows.Forms.Control.OnBindingContextChanged(EventArgs e)
   at System.Windows.Forms.Control.OnBindingContextChanged(EventArgs e)
   at System.Windows.Forms.Control.set_BindingContextInternal(BindingContext value)
   at System.Windows.Forms.ContainerControl.get_BindingContext()
   at System.Windows.Forms.Control.get_BindingContextInternal()
   at System.Windows.Forms.Control.get_BindingContextInternal()
   at System.Windows.Forms.Control.get_BindingContextInternal()
   at System.Windows.Forms.Control.get_BindingContextInternal()
   at System.Windows.Forms.ContainerControl.get_BindingContext()
   at System.Windows.Forms.Control.get_BindingContextInternal()
   at System.Windows.Forms.Control.get_BindingContextInternal()
   at System.Windows.Forms.Control.get_BindingContextInternal()
   at System.Windows.Forms.ContainerControl.get_BindingContext()
   at System.Windows.Forms.Control.get_BindingContextInternal()
   at System.Windows.Forms.Control.get_BindingContextInternal()
   at System.Windows.Forms.Control.get_BindingContextInternal()
   at System.Windows.Forms.DataGridView.DataGridViewDataConnection.SetDataConnection(Object dataSource, String dataMember)
   at System.Windows.Forms.DataGridView.OnBindingContextChanged(EventArgs e)
   at System.Windows.Forms.Control.OnBindingContextChanged(EventArgs e)
   at System.Windows.Forms.Control.OnBindingContextChanged(EventArgs e)
   at System.Windows.Forms.Control.CreateControl(Boolean ignoreVisible)
   at System.Windows.Forms.Control.CreateControl(Boolean ignoreVisible)
   at System.Windows.Forms.Control.CreateControl()
   at System.Windows.Forms.Control.ControlCollection.Add(Control value)
   at ISpan.eMiniHR.WinApp.Forms.Base.HRForm.ShowSubPage() in D:\20250429_資展國際\ISpan.eMiniHR\ISpan.eMiniHR.WinAPP\Forms\Base\HRForm.cs:line 65
   at ISpan.eMiniHR.WinApp.Forms.Base.HRForm.HRForm_Load(Object sender, EventArgs e) in D:\20250429_資展國際\ISpan.eMiniHR\ISpan.eMiniHR.WinAPP\Forms\Base\HRForm.cs:line 29
   at System.Windows.Forms.Control.CreateControl(Boolean ignoreVisible)
   at System.Windows.Forms.Control.CreateControl(Boolean ignoreVisible)
   at System.Windows.Forms.Control.CreateControl(Boolean ignoreVisible)
   at System.Windows.Forms.Control.CreateControl()
   at System.Windows.Forms.Control.ControlCollection.Add(Control value)
   at System.Windows.Forms.TabControl.ControlCollection.Add(Control value)
   at ISpan.eMiniHR.WinApp.Services.TabStyleHelper.ShowTabPageByCode(String progId, UserControl page, TabControl tabControlMain) in D:\20250429_資展國際\ISpan.eMiniHR\ISpan.eMiniHR.WinAPP\Services\TabStyleHelper.cs:line 187
   at ISpan.eMiniHR.WinApp.Services.TabStyleHelper.ShowPageByCode(String progSysId, TabControl tabControlMain) in D:\20250429_資展國際\ISpan.eMiniHR\ISpan.eMiniHR.WinAPP\Services\TabStyleHelper.cs:line 104

2025-07-17 21:19:28 -【參數錯誤，請確認傳入的值是否有效。】
   at System.Windows.Forms.Binding.BindToObject.CheckBinding()
   at System.Windows.Forms.Binding.set_BindingManagerBase(BindingManagerBase value)
   at System.Windows.Forms.ListManagerBindingsCollection.AddCore(Binding dataBinding)
   at System.Windows.Forms.BindingsCollection.Add(Binding binding)
   at System.Windows.Forms.BindingContext.UpdateBinding(BindingContext newBindingContext, Binding binding)
   at System.Windows.Forms.Control.UpdateBindings()
   at System.Windows.Forms.Control.OnBindingContextChanged(EventArgs e)
   at System.Windows.Forms.ListControl.OnBindingContextChanged(EventArgs e)
   at System.Windows.Forms.Control.OnBindingContextChanged(EventArgs e)
   at System.Windows.Forms.Control.OnBindingContextChanged(EventArgs e)
   at System.Windows.Forms.Control.OnBindingContextChanged(EventArgs e)
   at System.Windows.Forms.Control.OnBindingContextChanged(EventArgs e)
   at System.Windows.Forms.Control.OnBindingContextChanged(EventArgs e)
   at System.Windows.Forms.Control.OnBindingContextChanged(EventArgs e)
   at System.Windows.Forms.Control.OnBindingContextChanged(EventArgs e)
   at System.Windows.Forms.Control.OnBindingContextChanged(EventArgs e)
   at System.Windows.Forms.Control.OnBindingContextChanged(EventArgs e)
   at System.Windows.Forms.Control.OnBindingContextChanged(EventArgs e)
   at System.Windows.Forms.Control.set_BindingContextInternal(BindingContext value)
   at System.Windows.Forms.ContainerControl.get_BindingContext()
   at System.Windows.Forms.Control.get_BindingContextInternal()
   at System.Windows.Forms.Control.get_BindingContextInternal()
   at System.Windows.Forms.Control.get_BindingContextInternal()
   at System.Windows.Forms.Control.get_BindingContextInternal()
   at System.Windows.Forms.ContainerControl.get_BindingContext()
   at System.Windows.Forms.Control.get_BindingContextInternal()
   at System.Windows.Forms.Control.get_BindingContextInternal()
   at System.Windows.Forms.Control.get_BindingContextInternal()
   at System.Windows.Forms.ContainerControl.get_BindingContext()
   at System.Windows.Forms.Control.get_BindingContextInternal()
   at System.Windows.Forms.Control.get_BindingContextInternal()
   at System.Windows.Forms.Control.get_BindingContextInternal()
   at System.Windows.Forms.DataGridView.DataGridViewDataConnection.SetDataConnection(Object dataSource, String dataMember)
   at System.Windows.Forms.DataGridView.OnBindingContextChanged(EventArgs e)
   at System.Windows.Forms.Control.OnBindingContextChanged(EventArgs e)
   at System.Windows.Forms.Control.OnBindingContextChanged(EventArgs e)
   at System.Windows.Forms.Control.CreateControl(Boolean ignoreVisible)
   at System.Windows.Forms.Control.CreateControl(Boolean ignoreVisible)
   at System.Windows.Forms.Control.CreateControl()
   at System.Windows.Forms.Control.ControlCollection.Add(Control value)
   at ISpan.eMiniHR.WinApp.Forms.Base.HRForm.ShowSubPage() in D:\20250429_資展國際\ISpan.eMiniHR\ISpan.eMiniHR.WinAPP\Forms\Base\HRForm.cs:line 65
   at ISpan.eMiniHR.WinApp.Forms.Base.HRForm.HRForm_Load(Object sender, EventArgs e) in D:\20250429_資展國際\ISpan.eMiniHR\ISpan.eMiniHR.WinAPP\Forms\Base\HRForm.cs:line 29
   at System.Windows.Forms.Control.CreateControl(Boolean ignoreVisible)
   at System.Windows.Forms.Control.CreateControl(Boolean ignoreVisible)
   at System.Windows.Forms.Control.CreateControl(Boolean ignoreVisible)
   at System.Windows.Forms.Control.CreateControl()
   at System.Windows.Forms.Control.ControlCollection.Add(Control value)
   at System.Windows.Forms.TabControl.ControlCollection.Add(Control value)
   at ISpan.eMiniHR.WinApp.Services.TabStyleHelper.ShowTabPageByCode(String progId, UserControl page, TabControl tabControlMain) in D:\20250429_資展國際\ISpan.eMiniHR\ISpan.eMiniHR.WinAPP\Services\TabStyleHelper.cs:line 187
   at ISpan.eMiniHR.WinApp.Services.TabStyleHelper.ShowPageByCode(String progSysId, TabControl tabControlMain) in D:\20250429_資展國際\ISpan.eMiniHR\ISpan.eMiniHR.WinAPP\Services\TabStyleHelper.cs:line 104

2025-07-17 21:21:39 -【參數錯誤，請確認傳入的值是否有效。】
   at System.Windows.Forms.Binding.BindToObject.CheckBinding()
   at System.Windows.Forms.Binding.set_BindingManagerBase(BindingManagerBase value)
   at System.Windows.Forms.ListManagerBindingsCollection.AddCore(Binding dataBinding)
   at System.Windows.Forms.BindingsCollection.Add(Binding binding)
   at System.Windows.Forms.BindingContext.UpdateBinding(BindingContext newBindingContext, Binding binding)
   at System.Windows.Forms.Control.UpdateBindings()
   at System.Windows.Forms.Control.OnBindingContextChanged(EventArgs e)
   at System.Windows.Forms.ListControl.OnBindingContextChanged(EventArgs e)
   at System.Windows.Forms.Control.OnBindingContextChanged(EventArgs e)
   at System.Windows.Forms.Control.OnBindingContextChanged(EventArgs e)
   at System.Windows.Forms.Control.OnBindingContextChanged(EventArgs e)
   at System.Windows.Forms.Control.OnBindingContextChanged(EventArgs e)
   at System.Windows.Forms.Control.OnBindingContextChanged(EventArgs e)
   at System.Windows.Forms.Control.OnBindingContextChanged(EventArgs e)
   at System.Windows.Forms.Control.OnBindingContextChanged(EventArgs e)
   at System.Windows.Forms.Control.OnBindingContextChanged(EventArgs e)
   at System.Windows.Forms.Control.OnBindingContextChanged(EventArgs e)
   at System.Windows.Forms.Control.OnBindingContextChanged(EventArgs e)
   at System.Windows.Forms.Control.set_BindingContextInternal(BindingContext value)
   at System.Windows.Forms.ContainerControl.get_BindingContext()
   at System.Windows.Forms.Control.get_BindingContextInternal()
   at System.Windows.Forms.Control.get_BindingContextInternal()
   at System.Windows.Forms.Control.get_BindingContextInternal()
   at System.Windows.Forms.Control.get_BindingContextInternal()
   at System.Windows.Forms.ContainerControl.get_BindingContext()
   at System.Windows.Forms.Control.get_BindingContextInternal()
   at System.Windows.Forms.Control.get_BindingContextInternal()
   at System.Windows.Forms.Control.get_BindingContextInternal()
   at System.Windows.Forms.ContainerControl.get_BindingContext()
   at System.Windows.Forms.Control.get_BindingContextInternal()
   at System.Windows.Forms.Control.get_BindingContextInternal()
   at System.Windows.Forms.Control.get_BindingContextInternal()
   at System.Windows.Forms.DataGridView.DataGridViewDataConnection.SetDataConnection(Object dataSource, String dataMember)
   at System.Windows.Forms.DataGridView.OnBindingContextChanged(EventArgs e)
   at System.Windows.Forms.Control.OnBindingContextChanged(EventArgs e)
   at System.Windows.Forms.Control.OnBindingContextChanged(EventArgs e)
   at System.Windows.Forms.Control.CreateControl(Boolean ignoreVisible)
   at System.Windows.Forms.Control.CreateControl(Boolean ignoreVisible)
   at System.Windows.Forms.Control.CreateControl()
   at System.Windows.Forms.Control.ControlCollection.Add(Control value)
   at ISpan.eMiniHR.WinApp.Forms.Base.HRForm.ShowSubPage() in D:\20250429_資展國際\ISpan.eMiniHR\ISpan.eMiniHR.WinAPP\Forms\Base\HRForm.cs:line 65
   at ISpan.eMiniHR.WinApp.Forms.Base.HRForm.HRForm_Load(Object sender, EventArgs e) in D:\20250429_資展國際\ISpan.eMiniHR\ISpan.eMiniHR.WinAPP\Forms\Base\HRForm.cs:line 29
   at System.Windows.Forms.Control.CreateControl(Boolean ignoreVisible)
   at System.Windows.Forms.Control.CreateControl(Boolean ignoreVisible)
   at System.Windows.Forms.Control.CreateControl(Boolean ignoreVisible)
   at System.Windows.Forms.Control.CreateControl()
   at System.Windows.Forms.Control.ControlCollection.Add(Control value)
   at System.Windows.Forms.TabControl.ControlCollection.Add(Control value)
   at ISpan.eMiniHR.WinApp.Services.TabStyleHelper.ShowTabPageByCode(String progId, UserControl page, TabControl tabControlMain) in D:\20250429_資展國際\ISpan.eMiniHR\ISpan.eMiniHR.WinAPP\Services\TabStyleHelper.cs:line 189

