2025-07-19 23:47:21 -【Data is Null. This method or property cannot be called on Null values.】
   at Microsoft.Data.SqlClient.SqlBuffer.ThrowIfNull()
   at Microsoft.Data.SqlClient.SqlBuffer.get_String()
   at Microsoft.Data.SqlClient.SqlDataReader.GetString(Int32 i)
   at lambda_method12(Closure, QueryContext, DbDataReader, ResultContext, SingleQueryResultCoordinator)
   at Microsoft.EntityFrameworkCore.Query.Internal.SingleQueryingEnumerable`1.Enumerator.MoveNext()
   at System.Linq.Enumerable.TryGetSingle[TSource](IEnumerable`1 source, Boolean& found)
   at lambda_method10(Closure, QueryContext)
   at Microsoft.EntityFrameworkCore.Query.Internal.QueryCompiler.ExecuteCore[TResult](Expression query, Boolean async, CancellationToken cancellationToken)
   at Microsoft.EntityFrameworkCore.Query.Internal.QueryCompiler.Execute[TResult](Expression query)
   at Microsoft.EntityFrameworkCore.Query.Internal.EntityQueryProvider.Execute[TResult](Expression expression)
   at Microsoft.EntityFrameworkCore.Internal.EntityFinder`1.Find(Object[] keyValues)
   at Microsoft.EntityFrameworkCore.Internal.InternalDbSet`1.Find(Object[] keyValues)
   at ISpan.eMiniHR.DataAccess.EfRepositories.EmployeeEfRepository.Update(EmployeeDto emp) in D:\20250429_資展國際\ISpan.eMiniHR\ISpan.eMiniHR.DataAccess\EfRepositories\EmployeeEfRepository.cs:line 60
   at ISpan.eMiniHR.WinApp.Forms.EmployeeInfo.SaveData(String action) in D:\20250429_資展國際\ISpan.eMiniHR\ISpan.eMiniHR.WinAPP\Forms\EmployeeInfo.cs:line 275

2025-07-19 23:48:13 -【Data is Null. This method or property cannot be called on Null values.】
   at Microsoft.Data.SqlClient.SqlBuffer.ThrowIfNull()
   at Microsoft.Data.SqlClient.SqlBuffer.get_String()
   at Microsoft.Data.SqlClient.SqlDataReader.GetString(Int32 i)
   at lambda_method12(Closure, QueryContext, DbDataReader, ResultContext, SingleQueryResultCoordinator)
   at Microsoft.EntityFrameworkCore.Query.Internal.SingleQueryingEnumerable`1.Enumerator.MoveNext()
   at System.Linq.Enumerable.TryGetSingle[TSource](IEnumerable`1 source, Boolean& found)
   at lambda_method10(Closure, QueryContext)
   at Microsoft.EntityFrameworkCore.Query.Internal.QueryCompiler.ExecuteCore[TResult](Expression query, Boolean async, CancellationToken cancellationToken)
   at Microsoft.EntityFrameworkCore.Query.Internal.QueryCompiler.Execute[TResult](Expression query)
   at Microsoft.EntityFrameworkCore.Query.Internal.EntityQueryProvider.Execute[TResult](Expression expression)
   at Microsoft.EntityFrameworkCore.Internal.EntityFinder`1.Find(Object[] keyValues)
   at Microsoft.EntityFrameworkCore.Internal.InternalDbSet`1.Find(Object[] keyValues)
   at ISpan.eMiniHR.DataAccess.EfRepositories.EmployeeEfRepository.Update(EmployeeDto emp) in D:\20250429_資展國際\ISpan.eMiniHR\ISpan.eMiniHR.DataAccess\EfRepositories\EmployeeEfRepository.cs:line 60
   at ISpan.eMiniHR.WinApp.Forms.EmployeeInfo.SaveData(String action) in D:\20250429_資展國際\ISpan.eMiniHR\ISpan.eMiniHR.WinAPP\Forms\EmployeeInfo.cs:line 275

2025-07-19 23:48:21 -【Data is Null. This method or property cannot be called on Null values.】
   at Microsoft.Data.SqlClient.SqlBuffer.ThrowIfNull()
   at Microsoft.Data.SqlClient.SqlBuffer.get_String()
   at Microsoft.Data.SqlClient.SqlDataReader.GetString(Int32 i)
   at lambda_method12(Closure, QueryContext, DbDataReader, ResultContext, SingleQueryResultCoordinator)
   at Microsoft.EntityFrameworkCore.Query.Internal.SingleQueryingEnumerable`1.Enumerator.MoveNext()
   at System.Linq.Enumerable.TryGetSingle[TSource](IEnumerable`1 source, Boolean& found)
   at lambda_method10(Closure, QueryContext)
   at Microsoft.EntityFrameworkCore.Query.Internal.QueryCompiler.ExecuteCore[TResult](Expression query, Boolean async, CancellationToken cancellationToken)
   at Microsoft.EntityFrameworkCore.Query.Internal.QueryCompiler.Execute[TResult](Expression query)
   at Microsoft.EntityFrameworkCore.Query.Internal.EntityQueryProvider.Execute[TResult](Expression expression)
   at Microsoft.EntityFrameworkCore.Internal.EntityFinder`1.Find(Object[] keyValues)
   at Microsoft.EntityFrameworkCore.Internal.InternalDbSet`1.Find(Object[] keyValues)
   at ISpan.eMiniHR.DataAccess.EfRepositories.EmployeeEfRepository.Update(EmployeeDto emp) in D:\20250429_資展國際\ISpan.eMiniHR\ISpan.eMiniHR.DataAccess\EfRepositories\EmployeeEfRepository.cs:line 60
   at ISpan.eMiniHR.WinApp.Forms.EmployeeInfo.SaveData(String action) in D:\20250429_資展國際\ISpan.eMiniHR\ISpan.eMiniHR.WinAPP\Forms\EmployeeInfo.cs:line 275

2025-07-19 23:48:49 -【Data is Null. This method or property cannot be called on Null values.】
   at Microsoft.Data.SqlClient.SqlBuffer.ThrowIfNull()
   at Microsoft.Data.SqlClient.SqlBuffer.get_String()
   at Microsoft.Data.SqlClient.SqlDataReader.GetString(Int32 i)
   at lambda_method12(Closure, QueryContext, DbDataReader, ResultContext, SingleQueryResultCoordinator)
   at Microsoft.EntityFrameworkCore.Query.Internal.SingleQueryingEnumerable`1.Enumerator.MoveNext()
   at System.Linq.Enumerable.TryGetSingle[TSource](IEnumerable`1 source, Boolean& found)
   at lambda_method10(Closure, QueryContext)
   at Microsoft.EntityFrameworkCore.Query.Internal.QueryCompiler.ExecuteCore[TResult](Expression query, Boolean async, CancellationToken cancellationToken)
   at Microsoft.EntityFrameworkCore.Query.Internal.QueryCompiler.Execute[TResult](Expression query)
   at Microsoft.EntityFrameworkCore.Query.Internal.EntityQueryProvider.Execute[TResult](Expression expression)
   at Microsoft.EntityFrameworkCore.Internal.EntityFinder`1.Find(Object[] keyValues)
   at Microsoft.EntityFrameworkCore.Internal.InternalDbSet`1.Find(Object[] keyValues)
   at ISpan.eMiniHR.DataAccess.EfRepositories.EmployeeEfRepository.Update(EmployeeDto emp) in D:\20250429_資展國際\ISpan.eMiniHR\ISpan.eMiniHR.DataAccess\EfRepositories\EmployeeEfRepository.cs:line 60
   at ISpan.eMiniHR.WinApp.Forms.EmployeeInfo.SaveData(String action) in D:\20250429_資展國際\ISpan.eMiniHR\ISpan.eMiniHR.WinAPP\Forms\EmployeeInfo.cs:line 275

2025-07-19 23:48:55 -【Data is Null. This method or property cannot be called on Null values.】
   at Microsoft.Data.SqlClient.SqlBuffer.ThrowIfNull()
   at Microsoft.Data.SqlClient.SqlBuffer.get_String()
   at Microsoft.Data.SqlClient.SqlDataReader.GetString(Int32 i)
   at lambda_method12(Closure, QueryContext, DbDataReader, ResultContext, SingleQueryResultCoordinator)
   at Microsoft.EntityFrameworkCore.Query.Internal.SingleQueryingEnumerable`1.Enumerator.MoveNext()
   at System.Linq.Enumerable.TryGetSingle[TSource](IEnumerable`1 source, Boolean& found)
   at lambda_method10(Closure, QueryContext)
   at Microsoft.EntityFrameworkCore.Query.Internal.QueryCompiler.ExecuteCore[TResult](Expression query, Boolean async, CancellationToken cancellationToken)
   at Microsoft.EntityFrameworkCore.Query.Internal.QueryCompiler.Execute[TResult](Expression query)
   at Microsoft.EntityFrameworkCore.Query.Internal.EntityQueryProvider.Execute[TResult](Expression expression)
   at Microsoft.EntityFrameworkCore.Internal.EntityFinder`1.Find(Object[] keyValues)
   at Microsoft.EntityFrameworkCore.Internal.InternalDbSet`1.Find(Object[] keyValues)
   at ISpan.eMiniHR.DataAccess.EfRepositories.EmployeeEfRepository.Update(EmployeeDto emp) in D:\20250429_資展國際\ISpan.eMiniHR\ISpan.eMiniHR.DataAccess\EfRepositories\EmployeeEfRepository.cs:line 60
   at ISpan.eMiniHR.WinApp.Forms.EmployeeInfo.SaveData(String action) in D:\20250429_資展國際\ISpan.eMiniHR\ISpan.eMiniHR.WinAPP\Forms\EmployeeInfo.cs:line 275

2025-07-19 23:49:17 -【Data is Null. This method or property cannot be called on Null values.】
   at Microsoft.Data.SqlClient.SqlBuffer.get_String()
   at Microsoft.Data.SqlClient.SqlDataReader.GetString(Int32 i)
   at lambda_method12(Closure, QueryContext, DbDataReader, ResultContext, SingleQueryResultCoordinator)
   at Microsoft.EntityFrameworkCore.Query.Internal.SingleQueryingEnumerable`1.Enumerator.MoveNext()
   at System.Linq.Enumerable.TryGetSingle[TSource](IEnumerable`1 source, Boolean& found)
   at lambda_method10(Closure, QueryContext)
   at Microsoft.EntityFrameworkCore.Query.Internal.QueryCompiler.ExecuteCore[TResult](Expression query, Boolean async, CancellationToken cancellationToken)
   at Microsoft.EntityFrameworkCore.Query.Internal.QueryCompiler.Execute[TResult](Expression query)
   at Microsoft.EntityFrameworkCore.Query.Internal.EntityQueryProvider.Execute[TResult](Expression expression)
   at Microsoft.EntityFrameworkCore.Internal.EntityFinder`1.Find(Object[] keyValues)
   at Microsoft.EntityFrameworkCore.Internal.InternalDbSet`1.Find(Object[] keyValues)
   at ISpan.eMiniHR.DataAccess.EfRepositories.EmployeeEfRepository.Update(EmployeeDto emp) in D:\20250429_資展國際\ISpan.eMiniHR\ISpan.eMiniHR.DataAccess\EfRepositories\EmployeeEfRepository.cs:line 60
   at ISpan.eMiniHR.WinApp.Forms.EmployeeInfo.SaveData(String action) in D:\20250429_資展國際\ISpan.eMiniHR\ISpan.eMiniHR.WinAPP\Forms\EmployeeInfo.cs:line 275

2025-07-19 23:49:40 -【Data is Null. This method or property cannot be called on Null values.】
   at Microsoft.Data.SqlClient.SqlBuffer.get_String()
   at Microsoft.Data.SqlClient.SqlDataReader.GetString(Int32 i)
   at lambda_method12(Closure, QueryContext, DbDataReader, ResultContext, SingleQueryResultCoordinator)
   at Microsoft.EntityFrameworkCore.Query.Internal.SingleQueryingEnumerable`1.Enumerator.MoveNext()
   at System.Linq.Enumerable.TryGetSingle[TSource](IEnumerable`1 source, Boolean& found)
   at lambda_method10(Closure, QueryContext)
   at Microsoft.EntityFrameworkCore.Query.Internal.QueryCompiler.ExecuteCore[TResult](Expression query, Boolean async, CancellationToken cancellationToken)
   at Microsoft.EntityFrameworkCore.Query.Internal.QueryCompiler.Execute[TResult](Expression query)
   at Microsoft.EntityFrameworkCore.Query.Internal.EntityQueryProvider.Execute[TResult](Expression expression)
   at Microsoft.EntityFrameworkCore.Internal.EntityFinder`1.Find(Object[] keyValues)
   at Microsoft.EntityFrameworkCore.Internal.InternalDbSet`1.Find(Object[] keyValues)
   at ISpan.eMiniHR.DataAccess.EfRepositories.EmployeeEfRepository.Update(EmployeeDto emp) in D:\20250429_資展國際\ISpan.eMiniHR\ISpan.eMiniHR.DataAccess\EfRepositories\EmployeeEfRepository.cs:line 60
   at ISpan.eMiniHR.WinApp.Forms.EmployeeInfo.SaveData(String action) in D:\20250429_資展國際\ISpan.eMiniHR\ISpan.eMiniHR.WinAPP\Forms\EmployeeInfo.cs:line 275

2025-07-19 23:50:31 -【Data is Null. This method or property cannot be called on Null values.】
   at Microsoft.Data.SqlClient.SqlBuffer.ThrowIfNull()
   at Microsoft.Data.SqlClient.SqlBuffer.get_String()
   at Microsoft.Data.SqlClient.SqlDataReader.GetString(Int32 i)
   at lambda_method12(Closure, QueryContext, DbDataReader, ResultContext, SingleQueryResultCoordinator)
   at Microsoft.EntityFrameworkCore.Query.Internal.SingleQueryingEnumerable`1.Enumerator.MoveNext()
   at System.Linq.Enumerable.TryGetSingle[TSource](IEnumerable`1 source, Boolean& found)
   at lambda_method10(Closure, QueryContext)
   at Microsoft.EntityFrameworkCore.Query.Internal.QueryCompiler.ExecuteCore[TResult](Expression query, Boolean async, CancellationToken cancellationToken)
   at Microsoft.EntityFrameworkCore.Query.Internal.QueryCompiler.Execute[TResult](Expression query)
   at Microsoft.EntityFrameworkCore.Query.Internal.EntityQueryProvider.Execute[TResult](Expression expression)
   at Microsoft.EntityFrameworkCore.Internal.EntityFinder`1.Find(Object[] keyValues)
   at Microsoft.EntityFrameworkCore.Internal.InternalDbSet`1.Find(Object[] keyValues)
   at ISpan.eMiniHR.DataAccess.EfRepositories.EmployeeEfRepository.Update(EmployeeDto emp) in D:\20250429_資展國際\ISpan.eMiniHR\ISpan.eMiniHR.DataAccess\EfRepositories\EmployeeEfRepository.cs:line 60
   at ISpan.eMiniHR.WinApp.Forms.EmployeeInfo.SaveData(String action) in D:\20250429_資展國際\ISpan.eMiniHR\ISpan.eMiniHR.WinAPP\Forms\EmployeeInfo.cs:line 275

2025-07-19 23:51:35 -【Data is Null. This method or property cannot be called on Null values.】
   at Microsoft.Data.SqlClient.SqlBuffer.ThrowIfNull()
   at Microsoft.Data.SqlClient.SqlBuffer.get_String()
   at Microsoft.Data.SqlClient.SqlDataReader.GetString(Int32 i)
   at lambda_method12(Closure, QueryContext, DbDataReader, ResultContext, SingleQueryResultCoordinator)
   at Microsoft.EntityFrameworkCore.Query.Internal.SingleQueryingEnumerable`1.Enumerator.MoveNext()
   at System.Linq.Enumerable.TryGetSingle[TSource](IEnumerable`1 source, Boolean& found)
   at lambda_method10(Closure, QueryContext)
   at Microsoft.EntityFrameworkCore.Query.Internal.QueryCompiler.ExecuteCore[TResult](Expression query, Boolean async, CancellationToken cancellationToken)
   at Microsoft.EntityFrameworkCore.Query.Internal.QueryCompiler.Execute[TResult](Expression query)
   at Microsoft.EntityFrameworkCore.Query.Internal.EntityQueryProvider.Execute[TResult](Expression expression)
   at Microsoft.EntityFrameworkCore.Internal.EntityFinder`1.Find(Object[] keyValues)
   at Microsoft.EntityFrameworkCore.Internal.InternalDbSet`1.Find(Object[] keyValues)
   at ISpan.eMiniHR.DataAccess.EfRepositories.EmployeeEfRepository.Update(EmployeeDto emp) in D:\20250429_資展國際\ISpan.eMiniHR\ISpan.eMiniHR.DataAccess\EfRepositories\EmployeeEfRepository.cs:line 60
   at ISpan.eMiniHR.WinApp.Forms.EmployeeInfo.SaveData(String action) in D:\20250429_資展國際\ISpan.eMiniHR\ISpan.eMiniHR.WinAPP\Forms\EmployeeInfo.cs:line 275

2025-07-19 23:51:45 -【Data is Null. This method or property cannot be called on Null values.】
   at Microsoft.Data.SqlClient.SqlBuffer.ThrowIfNull()
   at Microsoft.Data.SqlClient.SqlBuffer.get_String()
   at Microsoft.Data.SqlClient.SqlDataReader.GetString(Int32 i)
   at lambda_method12(Closure, QueryContext, DbDataReader, ResultContext, SingleQueryResultCoordinator)
   at Microsoft.EntityFrameworkCore.Query.Internal.SingleQueryingEnumerable`1.Enumerator.MoveNext()
   at System.Linq.Enumerable.TryGetSingle[TSource](IEnumerable`1 source, Boolean& found)
   at lambda_method10(Closure, QueryContext)
   at Microsoft.EntityFrameworkCore.Query.Internal.QueryCompiler.ExecuteCore[TResult](Expression query, Boolean async, CancellationToken cancellationToken)
   at Microsoft.EntityFrameworkCore.Query.Internal.QueryCompiler.Execute[TResult](Expression query)
   at Microsoft.EntityFrameworkCore.Query.Internal.EntityQueryProvider.Execute[TResult](Expression expression)
   at Microsoft.EntityFrameworkCore.Internal.EntityFinder`1.Find(Object[] keyValues)
   at Microsoft.EntityFrameworkCore.Internal.InternalDbSet`1.Find(Object[] keyValues)
   at ISpan.eMiniHR.DataAccess.EfRepositories.EmployeeEfRepository.Update(EmployeeDto emp) in D:\20250429_資展國際\ISpan.eMiniHR\ISpan.eMiniHR.DataAccess\EfRepositories\EmployeeEfRepository.cs:line 60
   at ISpan.eMiniHR.WinApp.Forms.EmployeeInfo.SaveData(String action) in D:\20250429_資展國際\ISpan.eMiniHR\ISpan.eMiniHR.WinAPP\Forms\EmployeeInfo.cs:line 275

2025-07-19 23:54:05 -【Data is Null. This method or property cannot be called on Null values.】
   at Microsoft.Data.SqlClient.SqlBuffer.ThrowIfNull()
   at Microsoft.Data.SqlClient.SqlBuffer.get_String()
   at Microsoft.Data.SqlClient.SqlDataReader.GetString(Int32 i)
   at lambda_method12(Closure, QueryContext, DbDataReader, ResultContext, SingleQueryResultCoordinator)
   at Microsoft.EntityFrameworkCore.Query.Internal.SingleQueryingEnumerable`1.Enumerator.MoveNext()
   at System.Linq.Enumerable.TryGetSingle[TSource](IEnumerable`1 source, Boolean& found)
   at lambda_method10(Closure, QueryContext)
   at Microsoft.EntityFrameworkCore.Query.Internal.QueryCompiler.ExecuteCore[TResult](Expression query, Boolean async, CancellationToken cancellationToken)
   at Microsoft.EntityFrameworkCore.Query.Internal.QueryCompiler.Execute[TResult](Expression query)
   at Microsoft.EntityFrameworkCore.Query.Internal.EntityQueryProvider.Execute[TResult](Expression expression)
   at Microsoft.EntityFrameworkCore.Internal.EntityFinder`1.Find(Object[] keyValues)
   at Microsoft.EntityFrameworkCore.Internal.InternalDbSet`1.Find(Object[] keyValues)
   at ISpan.eMiniHR.DataAccess.EfRepositories.EmployeeEfRepository.Update(EmployeeDto emp) in D:\20250429_資展國際\ISpan.eMiniHR\ISpan.eMiniHR.DataAccess\EfRepositories\EmployeeEfRepository.cs:line 66
   at ISpan.eMiniHR.WinApp.Forms.EmployeeInfo.SaveData(String action) in D:\20250429_資展國際\ISpan.eMiniHR\ISpan.eMiniHR.WinAPP\Forms\EmployeeInfo.cs:line 275

2025-07-19 23:59:45 -【Data is Null. This method or property cannot be called on Null values.】
   at Microsoft.Data.SqlClient.SqlBuffer.ThrowIfNull()
   at Microsoft.Data.SqlClient.SqlBuffer.get_String()
   at Microsoft.Data.SqlClient.SqlDataReader.GetString(Int32 i)
   at lambda_method12(Closure, QueryContext, DbDataReader, ResultContext, SingleQueryResultCoordinator)
   at Microsoft.EntityFrameworkCore.Query.Internal.SingleQueryingEnumerable`1.Enumerator.MoveNext()
   at System.Linq.Enumerable.TryGetSingle[TSource](IEnumerable`1 source, Boolean& found)
   at lambda_method10(Closure, QueryContext)
   at Microsoft.EntityFrameworkCore.Query.Internal.QueryCompiler.ExecuteCore[TResult](Expression query, Boolean async, CancellationToken cancellationToken)
   at Microsoft.EntityFrameworkCore.Query.Internal.QueryCompiler.Execute[TResult](Expression query)
   at Microsoft.EntityFrameworkCore.Query.Internal.EntityQueryProvider.Execute[TResult](Expression expression)
   at Microsoft.EntityFrameworkCore.Internal.EntityFinder`1.Find(Object[] keyValues)
   at Microsoft.EntityFrameworkCore.Internal.InternalDbSet`1.Find(Object[] keyValues)
   at ISpan.eMiniHR.DataAccess.EfRepositories.EmployeeEfRepository.Update(EmployeeDto emp) in D:\20250429_資展國際\ISpan.eMiniHR\ISpan.eMiniHR.DataAccess\EfRepositories\EmployeeEfRepository.cs:line 66
   at ISpan.eMiniHR.WinApp.Forms.EmployeeInfo.SaveData(String action) in D:\20250429_資展國際\ISpan.eMiniHR\ISpan.eMiniHR.WinAPP\Forms\EmployeeInfo.cs:line 275

