2025-07-23 01:09:11 -【發現必要參數為空值，請檢查輸入是否正確。】
   at System.ArgumentNullException.Throw(String paramName)
   at System.ArgumentNullException.ThrowIfNull(Object argument, String paramName)
   at System.IO.Path.Combine(String path1, String path2)
   at ISpan.eMiniHR.WinApp.Forms.EmployeeInfo.ExportPDF() in D:\20250429_資展國際\ISpan.eMiniHR\ISpan.eMiniHR.WinAPP\Forms\EmployeeInfo.cs:line 652

2025-07-23 01:10:52 -【發現必要參數為空值，請檢查輸入是否正確。】
   at System.ArgumentNullException.Throw(String paramName)
   at System.ArgumentNullException.ThrowIfNull(Object argument, String paramName)
   at System.IO.Path.Combine(String path1, String path2)
   at ISpan.eMiniHR.WinApp.Forms.EmployeeInfo.ExportPDF() in D:\20250429_資展國際\ISpan.eMiniHR\ISpan.eMiniHR.WinAPP\Forms\EmployeeInfo.cs:line 652

2025-07-23 01:10:55 -【發現必要參數為空值，請檢查輸入是否正確。】
   at System.ArgumentNullException.Throw(String paramName)
   at System.ArgumentNullException.ThrowIfNull(Object argument, String paramName)
   at System.IO.Path.Combine(String path1, String path2)
   at ISpan.eMiniHR.WinApp.Forms.EmployeeInfo.ExportPDF() in D:\20250429_資展國際\ISpan.eMiniHR\ISpan.eMiniHR.WinAPP\Forms\EmployeeInfo.cs:line 652

2025-07-23 01:10:56 -【發現必要參數為空值，請檢查輸入是否正確。】
   at System.ArgumentNullException.Throw(String paramName)
   at System.ArgumentNullException.ThrowIfNull(Object argument, String paramName)
   at System.IO.Path.Combine(String path1, String path2)
   at ISpan.eMiniHR.WinApp.Forms.EmployeeInfo.ExportPDF() in D:\20250429_資展國際\ISpan.eMiniHR\ISpan.eMiniHR.WinAPP\Forms\EmployeeInfo.cs:line 652

2025-07-23 02:09:02 -【資料庫發生錯誤，請確認連線與語法是否正確。】
   at Microsoft.Data.SqlClient.SqlConnection.OnError(SqlException exception, Boolean breakConnection, Action`1 wrapCloseInAction)
   at Microsoft.Data.SqlClient.SqlInternalConnection.OnError(SqlException exception, Boolean breakConnection, Action`1 wrapCloseInAction)
   at Microsoft.Data.SqlClient.TdsParser.ThrowExceptionAndWarning(TdsParserStateObject stateObj, SqlCommand command, Boolean callerHasConnectionLock, Boolean asyncClose)
   at Microsoft.Data.SqlClient.TdsParser.TryRun(RunBehavior runBehavior, SqlCommand cmdHandler, SqlDataReader dataStream, BulkCopySimpleResultSet bulkCopyHandler, TdsParserStateObject stateObj, Boolean& dataReady)
   at Microsoft.Data.SqlClient.SqlDataReader.TryConsumeMetaData()
   at Microsoft.Data.SqlClient.SqlCommand.FinishExecuteReader(SqlDataReader ds, RunBehavior runBehavior, String resetOptionsString, Boolean isInternal, Boolean forDescribeParameterEncryption, Boolean shouldCacheForAlwaysEncrypted)
   at Microsoft.Data.SqlClient.SqlCommand.RunExecuteReaderTds(CommandBehavior cmdBehavior, RunBehavior runBehavior, Boolean returnStream, Boolean isAsync, Int32 timeout, Task& task, Boolean asyncWrite, Boolean inRetry, SqlDataReader ds, Boolean describeParameterEncryptionRequest)
   at Microsoft.Data.SqlClient.SqlCommand.RunExecuteReader(CommandBehavior cmdBehavior, RunBehavior runBehavior, Boolean returnStream, TaskCompletionSource`1 completion, Int32 timeout, Task& task, Boolean& usedCache, Boolean asyncWrite, Boolean inRetry, String method)
   at Microsoft.Data.SqlClient.SqlCommand.ExecuteReader(CommandBehavior behavior)
   at Dapper.SqlMapper.ExecuteReaderWithFlagsFallback(IDbCommand cmd, Boolean wasClosed, CommandBehavior behavior) in /_/Dapper/SqlMapper.cs:line 1185
   at Dapper.SqlMapper.QueryImpl[T](IDbConnection cnn, CommandDefinition command, Type effectiveType)+MoveNext() in /_/Dapper/SqlMapper.cs:line 1213
   at System.Collections.Generic.List`1..ctor(IEnumerable`1 collection)
   at System.Linq.Enumerable.ToList[TSource](IEnumerable`1 source)
   at Dapper.SqlMapper.Query[T](IDbConnection cnn, String sql, Object param, IDbTransaction transaction, Boolean buffered, Nullable`1 commandTimeout, Nullable`1 commandType) in /_/Dapper/SqlMapper.cs:line 844
   at ISpan.eMiniHR.DataAccess.DapperRepositories.UsersRepository.GetUsers(UserQueryViewModel cond) in D:\20250429_資展國際\ISpan.eMiniHR\ISpan.eMiniHR.DataAccess\DapperRepositories\UsersRepository.cs:line 34
   at ISpan.eMiniHR.WinApp.Forms.SysUserSettings.GetUsers(UserQueryViewModel cond) in D:\20250429_資展國際\ISpan.eMiniHR\ISpan.eMiniHR.WinAPP\Forms\SysUserSettings.cs:line 151

2025-07-23 02:09:30 -【資料庫發生錯誤，請確認連線與語法是否正確。】
   at Microsoft.Data.SqlClient.SqlConnection.OnError(SqlException exception, Boolean breakConnection, Action`1 wrapCloseInAction)
   at Microsoft.Data.SqlClient.SqlInternalConnection.OnError(SqlException exception, Boolean breakConnection, Action`1 wrapCloseInAction)
   at Microsoft.Data.SqlClient.TdsParser.ThrowExceptionAndWarning(TdsParserStateObject stateObj, SqlCommand command, Boolean callerHasConnectionLock, Boolean asyncClose)
   at Microsoft.Data.SqlClient.TdsParser.TryRun(RunBehavior runBehavior, SqlCommand cmdHandler, SqlDataReader dataStream, BulkCopySimpleResultSet bulkCopyHandler, TdsParserStateObject stateObj, Boolean& dataReady)
   at Microsoft.Data.SqlClient.SqlDataReader.TryConsumeMetaData()
   at Microsoft.Data.SqlClient.SqlDataReader.get_MetaData()
   at Microsoft.Data.SqlClient.SqlCommand.FinishExecuteReader(SqlDataReader ds, RunBehavior runBehavior, String resetOptionsString, Boolean isInternal, Boolean forDescribeParameterEncryption, Boolean shouldCacheForAlwaysEncrypted)
   at Microsoft.Data.SqlClient.SqlCommand.RunExecuteReaderTds(CommandBehavior cmdBehavior, RunBehavior runBehavior, Boolean returnStream, Boolean isAsync, Int32 timeout, Task& task, Boolean asyncWrite, Boolean inRetry, SqlDataReader ds, Boolean describeParameterEncryptionRequest)
   at Microsoft.Data.SqlClient.SqlCommand.RunExecuteReader(CommandBehavior cmdBehavior, RunBehavior runBehavior, Boolean returnStream, TaskCompletionSource`1 completion, Int32 timeout, Task& task, Boolean& usedCache, Boolean asyncWrite, Boolean inRetry, String method)
   at Microsoft.Data.SqlClient.SqlCommand.RunExecuteReader(CommandBehavior cmdBehavior, RunBehavior runBehavior, Boolean returnStream, String method)
   at Microsoft.Data.SqlClient.SqlCommand.ExecuteReader(CommandBehavior behavior)
   at Microsoft.Data.SqlClient.SqlCommand.ExecuteDbDataReader(CommandBehavior behavior)
   at Dapper.SqlMapper.ExecuteReaderWithFlagsFallback(IDbCommand cmd, Boolean wasClosed, CommandBehavior behavior) in /_/Dapper/SqlMapper.cs:line 1185
   at Dapper.SqlMapper.QueryImpl[T](IDbConnection cnn, CommandDefinition command, Type effectiveType)+MoveNext() in /_/Dapper/SqlMapper.cs:line 1213
   at System.Collections.Generic.List`1..ctor(IEnumerable`1 collection)
   at System.Linq.Enumerable.ToList[TSource](IEnumerable`1 source)
   at Dapper.SqlMapper.Query[T](IDbConnection cnn, String sql, Object param, IDbTransaction transaction, Boolean buffered, Nullable`1 commandTimeout, Nullable`1 commandType) in /_/Dapper/SqlMapper.cs:line 844
   at ISpan.eMiniHR.DataAccess.DapperRepositories.UsersRepository.GetUsers(UserQueryViewModel cond) in D:\20250429_資展國際\ISpan.eMiniHR\ISpan.eMiniHR.DataAccess\DapperRepositories\UsersRepository.cs:line 34
   at ISpan.eMiniHR.WinApp.Forms.SysUserSettings.GetUsers(UserQueryViewModel cond) in D:\20250429_資展國際\ISpan.eMiniHR\ISpan.eMiniHR.WinAPP\Forms\SysUserSettings.cs:line 151

2025-07-23 02:09:32 -【參數錯誤，請確認傳入的值是否有效。】
   at System.Windows.Forms.Binding.BindToObject.CheckBinding()
   at System.Windows.Forms.Binding.CheckBinding()
   at System.Windows.Forms.CurrencyManager.List_ListChanged(Object sender, ListChangedEventArgs e)
   at System.Windows.Forms.BindingSource.ResetBindings(Boolean metadataChanged)
   at System.Windows.Forms.BindingSource.SetList(IList list, Boolean metaDataChanged, Boolean applySortAndFilter)
   at System.Windows.Forms.BindingSource.set_DataSource(Object value)
   at ISpan.eMiniHR.WinApp.Forms.SysUserSettings.Query(UserQueryViewModel cond) in D:\20250429_資展國際\ISpan.eMiniHR\ISpan.eMiniHR.WinAPP\Forms\SysUserSettings.cs:line 222
   at ISpan.eMiniHR.WinApp.Forms.SysUserSettings.SysUserSettings_Load(Object sender, EventArgs e) in D:\20250429_資展國際\ISpan.eMiniHR\ISpan.eMiniHR.WinAPP\Forms\SysUserSettings.cs:line 28
   at System.Windows.Forms.Control.CreateControl(Boolean ignoreVisible)
   at System.Windows.Forms.Control.CreateControl()
   at System.Windows.Forms.Control.ControlCollection.Add(Control value)
   at ISpan.eMiniHR.WinApp.Forms.Base.HRForm.ShowSubPage() in D:\20250429_資展國際\ISpan.eMiniHR\ISpan.eMiniHR.WinAPP\Forms\Base\HRForm.cs:line 57
   at ISpan.eMiniHR.WinApp.Forms.Base.HRForm.HRForm_Load(Object sender, EventArgs e) in D:\20250429_資展國際\ISpan.eMiniHR\ISpan.eMiniHR.WinAPP\Forms\Base\HRForm.cs:line 31
   at System.Windows.Forms.Control.CreateControl(Boolean ignoreVisible)
   at System.Windows.Forms.Control.CreateControl(Boolean ignoreVisible)
   at System.Windows.Forms.Control.CreateControl(Boolean ignoreVisible)
   at System.Windows.Forms.Control.CreateControl()
   at System.Windows.Forms.Control.ControlCollection.Add(Control value)
   at System.Windows.Forms.TabControl.ControlCollection.Add(Control value)
   at ISpan.eMiniHR.WinApp.Helper.TabStyleHelper.ShowTabPageByCode(String progId, UserControl page, TabControl tabControlMain) in D:\20250429_資展國際\ISpan.eMiniHR\ISpan.eMiniHR.WinAPP\Helper\TabStyleHelper.cs:line 190

2025-07-23 02:10:44 -【資料庫發生錯誤，請確認連線與語法是否正確。】
   at Microsoft.Data.SqlClient.SqlConnection.OnError(SqlException exception, Boolean breakConnection, Action`1 wrapCloseInAction)
   at Microsoft.Data.SqlClient.SqlInternalConnection.OnError(SqlException exception, Boolean breakConnection, Action`1 wrapCloseInAction)
   at Microsoft.Data.SqlClient.TdsParser.ThrowExceptionAndWarning(TdsParserStateObject stateObj, SqlCommand command, Boolean callerHasConnectionLock, Boolean asyncClose)
   at Microsoft.Data.SqlClient.TdsParser.TryRun(RunBehavior runBehavior, SqlCommand cmdHandler, SqlDataReader dataStream, BulkCopySimpleResultSet bulkCopyHandler, TdsParserStateObject stateObj, Boolean& dataReady)
   at Microsoft.Data.SqlClient.SqlDataReader.TryConsumeMetaData()
   at Microsoft.Data.SqlClient.SqlDataReader.get_MetaData()
   at Microsoft.Data.SqlClient.SqlCommand.FinishExecuteReader(SqlDataReader ds, RunBehavior runBehavior, String resetOptionsString, Boolean isInternal, Boolean forDescribeParameterEncryption, Boolean shouldCacheForAlwaysEncrypted)
   at Microsoft.Data.SqlClient.SqlCommand.RunExecuteReaderTds(CommandBehavior cmdBehavior, RunBehavior runBehavior, Boolean returnStream, Boolean isAsync, Int32 timeout, Task& task, Boolean asyncWrite, Boolean inRetry, SqlDataReader ds, Boolean describeParameterEncryptionRequest)
   at Microsoft.Data.SqlClient.SqlCommand.RunExecuteReader(CommandBehavior cmdBehavior, RunBehavior runBehavior, Boolean returnStream, TaskCompletionSource`1 completion, Int32 timeout, Task& task, Boolean& usedCache, Boolean asyncWrite, Boolean inRetry, String method)
   at Microsoft.Data.SqlClient.SqlCommand.RunExecuteReader(CommandBehavior cmdBehavior, RunBehavior runBehavior, Boolean returnStream, String method)
   at Microsoft.Data.SqlClient.SqlCommand.ExecuteReader(CommandBehavior behavior)
   at Microsoft.Data.SqlClient.SqlCommand.ExecuteDbDataReader(CommandBehavior behavior)
   at Dapper.SqlMapper.ExecuteReaderWithFlagsFallback(IDbCommand cmd, Boolean wasClosed, CommandBehavior behavior) in /_/Dapper/SqlMapper.cs:line 1185
   at Dapper.SqlMapper.QueryImpl[T](IDbConnection cnn, CommandDefinition command, Type effectiveType)+MoveNext() in /_/Dapper/SqlMapper.cs:line 1213
   at System.Collections.Generic.List`1..ctor(IEnumerable`1 collection)
   at System.Linq.Enumerable.ToList[TSource](IEnumerable`1 source)
   at Dapper.SqlMapper.Query[T](IDbConnection cnn, String sql, Object param, IDbTransaction transaction, Boolean buffered, Nullable`1 commandTimeout, Nullable`1 commandType) in /_/Dapper/SqlMapper.cs:line 844
   at ISpan.eMiniHR.DataAccess.DapperRepositories.UsersRepository.GetUsers(UserQueryViewModel cond) in D:\20250429_資展國際\ISpan.eMiniHR\ISpan.eMiniHR.DataAccess\DapperRepositories\UsersRepository.cs:line 34
   at ISpan.eMiniHR.WinApp.Forms.SysUserSettings.GetUsers(UserQueryViewModel cond) in D:\20250429_資展國際\ISpan.eMiniHR\ISpan.eMiniHR.WinAPP\Forms\SysUserSettings.cs:line 151

